<?xml version="1.0" encoding="UTF-8"?>
<testsuites name="Login" time="14.137" tests="2" failures="0" errors="0">
   <testsuite name="Login" tests="2" failures="0" errors="0" time="14.137" skipped="0" timestamp="2022-11-28 09:35:28" hostname="PC - DESKTOP-SMQKUQU" id="Test Suites/Login">
      <properties>
         <property name="deviceName" value=""/>
         <property name="devicePlatform" value=""/>
         <property name="logFolder" value="D:\\Cari barang id\\caribarang\\Reports\\20221128_093524\\Login\\20221128_093525"/>
         <property name="logFiles" value="D:\\Cari barang id\\caribarang\\Reports\\20221128_093524\\Login\\20221128_093525\\execution0.log"/>
         <property name="attachments" value=""/>
         <property name="hostName" value="PC - DESKTOP-SMQKUQU"/>
         <property name="os" value="Windows 10 64bit"/>
         <property name="katalonVersion" value="8.5.2.208"/>
         <property name="browser" value="Chrome 107.0.0.0"/>
         <property name="hostAddress" value="192.168.1.10"/>
         <property name="sessionId" value="72dc4823b93b74d83bacfbf97d5c307a"/>
         <property name="seleniumVersion" value="3.141.59"/>
         <property name="proxyInformation" value="ProxyInformation { proxyOption=NO_PROXY, proxyServerType=HTTP, username=, password=********, proxyServerAddress=, proxyServerPort=0, executionList=&quot;&quot;, isApplyToDesiredCapabilities=true }"/>
         <property name="platform" value="Windows 10"/>
      </properties>
      <testcase name="Test Cases/Login/Failed login" time="6.889" classname="Test Cases/Login/Failed login" status="PASSED">
         <system-out><![CDATA[2022-11-28 09:35:28 - [TEST_CASE][PASSED] - Test Cases/Login/Failed login: Test Cases/Login/Failed login

2022-11-28 09:35:28 - [TEST_STEP][PASSED] - openBrowser(""): Browser is opened with url: ''

2022-11-28 09:35:29 - [MESSAGE][PASSED] - Browser is opened with url: ''

2022-11-28 09:35:29 - [TEST_STEP][PASSED] - navigateToUrl("https://dev.caribarang.id/"): Navigate to 'https://dev.caribarang.id/' successfully

2022-11-28 09:35:31 - [MESSAGE][PASSED] - Navigate to 'https://dev.caribarang.id/' successfully

2022-11-28 09:35:31 - [TEST_STEP][PASSED] - maximizeWindow(): Current window maximized

2022-11-28 09:35:31 - [MESSAGE][PASSED] - Current window maximized

2022-11-28 09:35:31 - [TEST_STEP][PASSED] - click(findTestObject("Object Repository/Page_caribarang.id  Platform sourcing baran_552f8a/a_Masuk")): Object: 'Object Repository/Page_caribarang.id  Platform sourcing baran_552f8a/a_Masuk' is clicked on

2022-11-28 09:35:32 - [MESSAGE][PASSED] - Object: 'Object Repository/Page_caribarang.id  Platform sourcing baran_552f8a/a_Masuk' is clicked on

2022-11-28 09:35:32 - [TEST_STEP][PASSED] - setText(findTestObject("Object Repository/Page_Sign in  Caribarang/input_Email_email"), "caribarangtest@getnada.com"): Text 'caribarangtest@getnada.com' is set on object 'Object Repository/Page_Sign in  Caribarang/input_Email_email'

2022-11-28 09:35:33 - [MESSAGE][PASSED] - Text 'caribarangtest@getnada.com' is set on object 'Object Repository/Page_Sign in  Caribarang/input_Email_email'

2022-11-28 09:35:33 - [TEST_STEP][PASSED] - setEncryptedText(findTestObject("Object Repository/Page_Sign in  Caribarang/input_Password_password"), "p4y+y39Ir5MbquRwJNFicw=="): Text ****** has been set on object 'Object Repository/Page_Sign in  Caribarang/input_Password_password'

2022-11-28 09:35:33 - [MESSAGE][PASSED] - Text ****** has been set on object 'Object Repository/Page_Sign in  Caribarang/input_Password_password'

2022-11-28 09:35:33 - [TEST_STEP][PASSED] - click(findTestObject("Object Repository/Page_Sign in  Caribarang/button_Masuk")): Object: 'Object Repository/Page_Sign in  Caribarang/button_Masuk' is clicked on

2022-11-28 09:35:33 - [MESSAGE][PASSED] - Object: 'Object Repository/Page_Sign in  Caribarang/button_Masuk' is clicked on

2022-11-28 09:35:33 - [TEST_STEP][PASSED] - setEncryptedText(findTestObject("Object Repository/Page_Sign in  Caribarang/input_Password_password"), "p4y+y39Ir5MkaMvQO1ylBg=="): Text ****** has been set on object 'Object Repository/Page_Sign in  Caribarang/input_Password_password'

2022-11-28 09:35:34 - [MESSAGE][PASSED] - Text ****** has been set on object 'Object Repository/Page_Sign in  Caribarang/input_Password_password'

2022-11-28 09:35:34 - [TEST_STEP][PASSED] - click(findTestObject("Object Repository/Page_Sign in  Caribarang/button_Masuk")): Object: 'Object Repository/Page_Sign in  Caribarang/button_Masuk' is clicked on

2022-11-28 09:35:35 - [MESSAGE][PASSED] - Object: 'Object Repository/Page_Sign in  Caribarang/button_Masuk' is clicked on]]></system-out>
         <system-err><![CDATA[]]></system-err>
      </testcase>
      <testcase name="Test Cases/Login/Sukses Login" time="7.016" classname="Test Cases/Login/Sukses Login" status="PASSED">
         <system-out><![CDATA[2022-11-28 09:35:35 - [TEST_CASE][PASSED] - Test Cases/Login/Sukses Login: Test Cases/Login/Sukses Login

2022-11-28 09:35:35 - [TEST_STEP][PASSED] - openBrowser(""): Browser is opened with url: ''

2022-11-28 09:35:35 - [MESSAGE][PASSED] - Browser is opened with url: ''

2022-11-28 09:35:35 - [TEST_STEP][PASSED] - navigateToUrl("https://dev.caribarang.id/"): Navigate to 'https://dev.caribarang.id/' successfully

2022-11-28 09:35:38 - [MESSAGE][PASSED] - Navigate to 'https://dev.caribarang.id/' successfully

2022-11-28 09:35:38 - [TEST_STEP][PASSED] - maximizeWindow(): Current window maximized

2022-11-28 09:35:38 - [MESSAGE][PASSED] - Current window maximized

2022-11-28 09:35:38 - [TEST_STEP][PASSED] - click(findTestObject("Object Repository/Page_caribarang.id  Platform sourcing baran_552f8a/a_Masuk")): Object: 'Object Repository/Page_caribarang.id  Platform sourcing baran_552f8a/a_Masuk' is clicked on

2022-11-28 09:35:38 - [MESSAGE][PASSED] - Object: 'Object Repository/Page_caribarang.id  Platform sourcing baran_552f8a/a_Masuk' is clicked on

2022-11-28 09:35:38 - [TEST_STEP][PASSED] - setText(findTestObject("Object Repository/Page_Sign in  Caribarang/input_Email_email"), "caribarang@getnada.com"): Text 'caribarang@getnada.com' is set on object 'Object Repository/Page_Sign in  Caribarang/input_Email_email'

2022-11-28 09:35:39 - [MESSAGE][PASSED] - Text 'caribarang@getnada.com' is set on object 'Object Repository/Page_Sign in  Caribarang/input_Email_email'

2022-11-28 09:35:39 - [TEST_STEP][PASSED] - setEncryptedText(findTestObject("Object Repository/Page_Sign in  Caribarang/input_Password_password"), "p4y+y39Ir5MbquRwJNFicw=="): Text ****** has been set on object 'Object Repository/Page_Sign in  Caribarang/input_Password_password'

2022-11-28 09:35:40 - [MESSAGE][PASSED] - Text ****** has been set on object 'Object Repository/Page_Sign in  Caribarang/input_Password_password'

2022-11-28 09:35:40 - [TEST_STEP][PASSED] - click(findTestObject("Object Repository/Page_Sign in  Caribarang/button_Masuk")): Object: 'Object Repository/Page_Sign in  Caribarang/button_Masuk' is clicked on

2022-11-28 09:35:40 - [MESSAGE][PASSED] - Object: 'Object Repository/Page_Sign in  Caribarang/button_Masuk' is clicked on

2022-11-28 09:35:40 - [TEST_STEP][PASSED] - setEncryptedText(findTestObject("Object Repository/Page_Sign in  Caribarang/input_Password_password"), "p4y+y39Ir5MkaMvQO1ylBg=="): Text ****** has been set on object 'Object Repository/Page_Sign in  Caribarang/input_Password_password'

2022-11-28 09:35:41 - [MESSAGE][PASSED] - Text ****** has been set on object 'Object Repository/Page_Sign in  Caribarang/input_Password_password'

2022-11-28 09:35:41 - [TEST_STEP][PASSED] - click(findTestObject("Object Repository/Page_Sign in  Caribarang/button_Masuk")): Object: 'Object Repository/Page_Sign in  Caribarang/button_Masuk' is clicked on

2022-11-28 09:35:42 - [MESSAGE][PASSED] - Object: 'Object Repository/Page_Sign in  Caribarang/button_Masuk' is clicked on]]></system-out>
         <system-err><![CDATA[]]></system-err>
      </testcase>
      <system-out><![CDATA[2022-11-28 09:35:28 - [TEST_SUITE][PASSED] - Login: Test Cases/Login/Sukses Login]]></system-out>
      <system-err><![CDATA[]]></system-err>
   </testsuite>
</testsuites>
